card_date Saturday, September 02, 12:30 PM ET
card_url: /fightcenter/events/102007-ufc-fight-night
full fight url: https://www.tapology.com/fightcenter/bouts/770883-ufc-fight-night-ciryl-bon-gamin-gane-vs-serghei-polar-bear-spivac
Saving odds data {'left_name': 'Ciryl Gane', 'right_name': 'Serghei Spivac', 'left_odds': '-175', 'right_odds': '+150', 'date': '2023-09-02', 'weight_class': '265'}
Row inserted successfully!
full fight url: https://www.tapology.com/fightcenter/bouts/772919-ufc-fight-night-manon-the-beast-fiorot-vs-thug-rose-namajunas
Saving odds data {'left_name': 'Manon Fiorot', 'right_name': 'Rose Namajunas', 'left_odds': '-200', 'right_odds': '+160', 'date': '2023-09-02', 'weight_class': '125'}
Row inserted successfully!
full fight url: https://www.tapology.com/fightcenter/bouts/778780-ufc-fight-night-benoit-god-of-war-saint-denis-vs-thiago-moises
Saving odds data {'left_name': 'Benoit Saint-Denis', 'right_name': 'Thiago Moisés', 'left_odds': '-165', 'right_odds': '+135', 'date': '2023-09-02', 'weight_class': '155'}
Row inserted successfully!
full fight url: https://www.tapology.com/fightcenter/bouts/784964-ufc-fight-night-volkan-no-time-oezdemir-vs-bogdan-guskov
Saving odds data {'left_name': 'Volkan Oezdemir', 'right_name': 'Bogdan Guskov', 'left_odds': '-190', 'right_odds': '+155', 'date': '2023-09-02', 'weight_class': '205'}
Row inserted successfully!
full fight url: https://www.tapology.com/fightcenter/bouts/790736-ufc-fight-night-william-jaguar-gomis-vs-yanis-the-desert-warrior-ghemmouri
Saving odds data {'left_name': 'William Gomis', 'right_name': 'Yanis Ghemmouri', 'left_odds': '-210', 'right_odds': '+170', 'date': '2023-09-02', 'weight_class': '145'}
Row inserted successfully!
full fight url: https://www.tapology.com/fightcenter/bouts/783951-ufc-fight-night-morgan-the-last-pirate-charriere-vs-manolo-angelo-veneziano-zecchini
Saving odds data {'left_name': 'Morgan Charriere', 'right_name': 'Manolo Zecchini', 'left_odds': '-345', 'right_odds': '+275', 'date': '2023-09-02', 'weight_class': '145'}
Row inserted successfully!
full fight url: https://www.tapology.com/fightcenter/bouts/790733-ufc-fight-night-taylor-double-impact-lapilus-vs-the-don-caolan-loughran
Saving odds data {'left_name': 'Taylor Lapilus', 'right_name': 'Caolán Loughran', 'left_odds': '-175', 'right_odds': '+145', 'date': '2023-09-02', 'weight_class': '135'}
Row inserted successfully!
full fight url: https://www.tapology.com/fightcenter/bouts/778779-ufc-fight-night-ange-the-last-ninja-loosa-vs-rhys-skeletor-mckee
Saving odds data {'left_name': 'Ange Loosa', 'right_name': 'Rhys McKee', 'left_odds': '-165', 'right_odds': '+140', 'date': '2023-09-02', 'weight_class': '170'}
Row inserted successfully!
full fight url: https://www.tapology.com/fightcenter/bouts/772084-ufc-fight-night-nora-cornolle-vs-joselyne-la-pantera-edwards
Saving odds data {'left_name': 'Nora Cornolle', 'right_name': 'Joselyne Edwards', 'left_odds': '+100', 'right_odds': '-120', 'date': '2023-09-02', 'weight_class': '135'}
Row inserted successfully!
full fight url: https://www.tapology.com/fightcenter/bouts/785739-ufc-fight-night-ferocious-farid-basharat-vs-kleydson-kr-rodrigues
Saving odds data {'left_name': 'Farid Basharat', 'right_name': 'Kleydson Rodrigues', 'left_odds': '-370', 'right_odds': '+290', 'date': '2023-09-02', 'weight_class': '135'}
Row inserted successfully!
full fight url: https://www.tapology.com/fightcenter/bouts/787748-ufc-fight-night-zarah-infinite-fairn-vs-jacqueline-cavalcanti
Saving odds data {'left_name': 'Jacqueline Cavalcanti', 'right_name': 'Zarah Fairn', 'left_odds': '-380', 'right_odds': '+300', 'date': '2023-09-02', 'weight_class': '140'}
Row inserted successfully!
card_date Saturday, August 26,  5:00 AM ET
card_url: /fightcenter/events/101389-ufc-fight-night
full fight url: https://www.tapology.com/fightcenter/bouts/770881-ufc-fight-night-max-blessed-holloway-vs-the-korean-zombie-chan-sung-jung
Saving odds data {'left_name': 'Max Holloway', 'right_name': 'Chan Sung Jung', 'left_odds': '-800', 'right_odds': '+550', 'date': '2023-08-26', 'weight_class': '145'}
Row inserted successfully!
full fight url: https://www.tapology.com/fightcenter/bouts/772930-ufc-fight-night-anthony-lionheart-smith-vs-ryan-superman-spann-ii
Saving odds data {'left_name': 'Anthony Smith', 'right_name': 'Ryan Spann', 'left_odds': '+110', 'right_odds': '-130', 'date': '2023-08-26', 'weight_class': '205'}
Row inserted successfully!
full fight url: https://www.tapology.com/fightcenter/bouts/781802-ufc-fight-night-giga-ninja-chikadze-vs-alex-bruce-leeroy-caceres
Saving odds data {'left_name': 'Giga Chikadze', 'right_name': 'Alex Caceres', 'left_odds': '-240', 'right_odds': '+200', 'date': '2023-08-26', 'weight_class': '145'}
Row inserted successfully!
full fight url: https://www.tapology.com/fightcenter/bouts/763127-ufc-fight-night-rinya-hybrid-nakamura-vs-fernie-garcia
Saving odds data {'left_name': 'Rinya Nakamura', 'right_name': 'Fernie Garcia', 'left_odds': '-800', 'right_odds': '+550', 'date': '2023-08-26', 'weight_class': '135'}
Row inserted successfully!
full fight url: https://www.tapology.com/fightcenter/bouts/772940-ufc-fight-night-erin-cold-blooded-blanchfield-vs-taila-santos
Saving odds data {'left_name': 'Erin Blanchfield', 'right_name': 'Taila Santos', 'left_odds': '-150', 'right_odds': '+125', 'date': '2023-08-26', 'weight_class': '125'}
Row inserted successfully!
full fight url: https://www.tapology.com/fightcenter/bouts/778578-ufc-fight-night-junior-the-juggernaut-tafa-vs-parker-porter
Saving odds data {'left_name': 'Junior Tafa', 'right_name': 'Parker Porter', 'left_odds': '-145', 'right_odds': '+120', 'date': '2023-08-26', 'weight_class': '265'}
Row inserted successfully!
full fight url: https://www.tapology.com/fightcenter/bouts/770889-ufc-fight-night-waldo-salsa-boy-cortes-acosta-vs-lukasz-the-bull-brzeski
Saving odds data {'left_name': 'Waldo Cortes-Acosta', 'right_name': 'Łukasz Brzeski', 'left_odds': '-225', 'right_odds': '+185', 'date': '2023-08-26', 'weight_class': '265'}
Row inserted successfully!
full fight url: https://www.tapology.com/fightcenter/bouts/781582-ufc-fight-night-toshiomi-silent-finisher-kazama-vs-garrett-armfield
Saving odds data {'left_name': 'Garrett Armfield', 'right_name': 'Toshiomi Kazama', 'left_odds': '-165', 'right_odds': '+135', 'date': '2023-08-26', 'weight_class': '135'}
Row inserted successfully!
full fight url: https://www.tapology.com/fightcenter/bouts/772807-ufc-fight-night-chidi-bang-bang-njokuani-vs-michal-hussar-oleksiejczuk
Saving odds data {'left_name': 'Michał Oleksiejczuk', 'right_name': 'Chidi Njokuani', 'left_odds': '-115', 'right_odds': '-105', 'date': '2023-08-26', 'weight_class': '185'}
Row inserted successfully!
full fight url: https://www.tapology.com/fightcenter/bouts/778579-ufc-fight-night-kenan-the-assassin-song-vs-rolando-the-machine-bedoya
Saving odds data {'left_name': 'Kenan Song', 'right_name': 'Rolando Bedoya', 'left_odds': '+260', 'right_odds': '-325', 'date': '2023-08-26', 'weight_class': '170'}
Row inserted successfully!
full fight url: https://www.tapology.com/fightcenter/bouts/775848-ufc-fight-night-yusaku-kinoshita-vs-billy-goff
Saving odds data {'left_name': 'Billy Goff', 'right_name': 'Yusaku Kinoshita', 'left_odds': '+115', 'right_odds': '-135', 'date': '2023-08-26', 'weight_class': '170'}
Row inserted successfully!
full fight url: https://www.tapology.com/fightcenter/bouts/772811-ufc-fight-night-na-dragon-girl-liang-vs-jj-aldrich
Saving odds data {'left_name': 'JJ Aldrich', 'right_name': 'Na Liang', 'left_odds': '-550', 'right_odds': '+400', 'date': '2023-08-26', 'weight_class': '125'}
Row inserted successfully!
full fight url: https://www.tapology.com/fightcenter/bouts/781533-ufc-fight-night-sting-seung-woo-choi-vs-jarno-errens
Saving odds data {'left_name': 'Seung Woo Choi', 'right_name': 'Jarno Errens', 'left_odds': '-155', 'right_odds': '+130', 'date': '2023-08-26', 'weight_class': '145'}
Row inserted successfully!
card_date Saturday, August 19,  6:30 PM ET
card_url: /fightcenter/events/101022-ufc-292
full fight url: https://www.tapology.com/fightcenter/bouts/759532-ufc-292-aljamain-funk-master-sterling-vs-sugar-sean-o-malley
Saving odds data {'left_name': "Sean O'Malley", 'right_name': 'Aljamain Sterling', 'left_odds': '+200', 'right_odds': '-250', 'date': '2023-08-19', 'weight_class': '135'}
Row inserted successfully!
full fight url: https://www.tapology.com/fightcenter/bouts/762272-ufc-292-magnum-weili-zhang-vs-amanda-amandinha-lemos
Saving odds data {'left_name': 'Weili Zhang', 'right_name': 'Amanda Lemos', 'left_odds': '-330', 'right_odds': '+260', 'date': '2023-08-19', 'weight_class': '115'}
Row inserted successfully!
full fight url: https://www.tapology.com/fightcenter/bouts/785611-ufc-292-neil-haitian-sensation-magny-vs-the-future-ian-machado-garry
Saving odds data {'left_name': 'Ian Machado Garry', 'right_name': 'Neil Magny', 'left_odds': '-500', 'right_odds': '+380', 'date': '2023-08-19', 'weight_class': '170'}
Row inserted successfully!
full fight url: https://www.tapology.com/fightcenter/bouts/786914-ufc-292-mario-bautista-vs-da-mon-da-monster-blackshear
Saving odds data {'left_name': 'Mario Bautista', 'right_name': "Da'Mon Blackshear", 'left_odds': '-210', 'right_odds': '+170', 'date': '2023-08-19', 'weight_class': '135'}
Row inserted successfully!
full fight url: https://www.tapology.com/fightcenter/bouts/776658-ufc-292-marlon-chito-vera-vs-pedro-the-young-punisher-munhoz
Saving odds data {'left_name': 'Marlon Vera', 'right_name': 'Pedro Munhoz', 'left_odds': '-185', 'right_odds': '+155', 'date': '2023-08-19', 'weight_class': '135'}
Row inserted successfully!
full fight url: https://www.tapology.com/fightcenter/bouts/767932-ufc-292-chris-all-american-weidman-vs-brad-tavares
Saving odds data {'left_name': 'Brad Tavares', 'right_name': 'Chris Weidman', 'left_odds': '-245', 'right_odds': '+200', 'date': '2023-08-19', 'weight_class': '185'}
Row inserted successfully!
full fight url: https://www.tapology.com/fightcenter/bouts/768519-ufc-292-gregory-robocop-rodrigues-vs-denis-tiuliulin
Saving odds data {'left_name': 'Gregory Rodrigues', 'right_name': 'Denis Tiuliulin', 'left_odds': '-375', 'right_odds': '+290', 'date': '2023-08-19', 'weight_class': '185'}
Row inserted successfully!
full fight url: https://www.tapology.com/fightcenter/bouts/785449-ufc-292-kurt-holobaugh-vs-austin-thud-hubbard
Saving odds data {'left_name': 'Kurt Holobaugh', 'right_name': 'Austin Hubbard', 'left_odds': '+150', 'right_odds': '-175', 'date': '2023-08-19', 'weight_class': '155'}
Row inserted successfully!
full fight url: https://www.tapology.com/fightcenter/bouts/787162-ufc-292-cody-the-renegade-gibson-vs-brad-superman-katona
Saving odds data {'left_name': 'Brad Katona', 'right_name': 'Cody Gibson', 'left_odds': '-175', 'right_odds': '+145', 'date': '2023-08-19', 'weight_class': '135'}
Row inserted successfully!
full fight url: https://www.tapology.com/fightcenter/bouts/767004-ufc-292-gerald-gm3-meerschaert-vs-andre-petroski
Saving odds data {'left_name': 'Andre Petroski', 'right_name': 'Gerald Meerschaert', 'left_odds': '-230', 'right_odds': '+190', 'date': '2023-08-19', 'weight_class': '185'}
Row inserted successfully!
full fight url: https://www.tapology.com/fightcenter/bouts/770399-ufc-292-andrea-kgb-lee-vs-natalia-silva
Saving odds data {'left_name': 'Natália Silva', 'right_name': 'Andrea Lee', 'left_odds': '-320', 'right_odds': '+250', 'date': '2023-08-19', 'weight_class': '125'}
Row inserted successfully!
full fight url: https://www.tapology.com/fightcenter/bouts/768835-ufc-292-maryna-iron-lady-moroz-vs-karine-killer-silva
Saving odds data {'left_name': 'Karine Silva', 'right_name': 'Maryna Moroz', 'left_odds': '-135', 'right_odds': '+110', 'date': '2023-08-19', 'weight_class': '125'}
Row inserted successfully!
card_date Saturday, August 12,  4:00 PM ET
card_url: /fightcenter/events/101163-ufc-fight-night
full fight url: https://www.tapology.com/fightcenter/bouts/762633-ufc-fight-night-vicente-the-silent-assassin-luque-vs-rafael-dos-anjos
Saving odds data {'left_name': 'Vicente Luque', 'right_name': 'Rafael dos Anjos', 'left_odds': '+105', 'right_odds': '-125', 'date': '2023-08-12', 'weight_class': '170'}
Row inserted successfully!
full fight url: https://www.tapology.com/fightcenter/bouts/773921-ufc-fight-night-killer-cub-swanson-vs-mean-hakeem-dawodu
Saving odds data {'left_name': 'Cub Swanson', 'right_name': 'Hakeem Dawodu', 'left_odds': '+185', 'right_odds': '-225', 'date': '2023-08-12', 'weight_class': '145'}
Row inserted successfully!
full fight url: https://www.tapology.com/fightcenter/bouts/768270-ufc-fight-night-khalil-the-war-horse-rountree-vs-chris-daukaus
Saving odds data {'left_name': 'Khalil Rountree', 'right_name': 'Chris Daukaus', 'left_odds': '-175', 'right_odds': '+150', 'date': '2023-08-12', 'weight_class': '205'}
Row inserted successfully!
full fight url: https://www.tapology.com/fightcenter/bouts/767001-ufc-fight-night-polyana-dama-de-ferro-viana-vs-iasmin-lucindo
Saving odds data {'left_name': 'Iasmin Lucindo', 'right_name': 'Polyana Viana', 'left_odds': '-200', 'right_odds': '+165', 'date': '2023-08-12', 'weight_class': '115'}
Row inserted successfully!
full fight url: https://www.tapology.com/fightcenter/bouts/768192-ufc-fight-night-tafon-da-don-nchukwi-vs-aj-dobson
Saving odds data {'left_name': 'AJ Dobson', 'right_name': 'Tafon Nchukwi', 'left_odds': '+125', 'right_odds': '-150', 'date': '2023-08-12', 'weight_class': '185'}
Row inserted successfully!
full fight url: https://www.tapology.com/fightcenter/bouts/769060-ufc-fight-night-josh-the-big-yinz-fremd-vs-jamie-the-night-wolf-pickett
Saving odds data {'left_name': 'Josh Fremd', 'right_name': 'Jamie Pickett', 'left_odds': '-350', 'right_odds': '+275', 'date': '2023-08-12', 'weight_class': '185'}
Row inserted successfully!
full fight url: https://www.tapology.com/fightcenter/bouts/775007-ufc-fight-night-marcus-the-maniac-mcghee-vs-jp-young-savage-buys
Saving odds data {'left_name': 'Marcus McGhee', 'right_name': 'JP Buys', 'left_odds': '-370', 'right_odds': '+290', 'date': '2023-08-12', 'weight_class': '135'}
Row inserted successfully!
full fight url: https://www.tapology.com/fightcenter/bouts/784163-ufc-fight-night-terrance-t-wrecks-mckinney-vs-money-mike-breeden
Saving odds data {'left_name': 'Terrance McKinney', 'right_name': 'Mike Breeden', 'left_odds': '-275', 'right_odds': '+225', 'date': '2023-08-12', 'weight_class': '155'}
Row inserted successfully!
full fight url: https://www.tapology.com/fightcenter/bouts/770355-ufc-fight-night-francis-fire-marshall-vs-isaac-the-midwest-choppa-dulgarian
Saving odds data {'left_name': 'Isaac Dulgarian', 'right_name': 'Francis Marshall', 'left_odds': '+145', 'right_odds': '-175', 'date': '2023-08-12', 'weight_class': '145'}
Row inserted successfully!
full fight url: https://www.tapology.com/fightcenter/bouts/778653-ufc-fight-night-josh-parisian-vs-martin-badys-buday
Saving odds data {'left_name': 'Martin Buday', 'right_name': 'Josh Parisian', 'left_odds': '-220', 'right_odds': '+180', 'date': '2023-08-12', 'weight_class': '265'}
Row inserted successfully!
full fight url: https://www.tapology.com/fightcenter/bouts/762932-ufc-fight-night-montserrat-conejo-ruiz-vs-jaqueline-jacque-amorim
Saving odds data {'left_name': 'Jaqueline Amorim', 'right_name': 'Montserrat Ruiz', 'left_odds': '-240', 'right_odds': '+200', 'date': '2023-08-12', 'weight_class': '115'}
Row inserted successfully!
full fight url: https://www.tapology.com/fightcenter/bouts/784963-ufc-fight-night-da-mon-da-monster-blackshear-vs-lobo-solitario-jose-johnson
Saving odds data {'left_name': "Da'Mon Blackshear", 'right_name': 'Jose Johnson', 'left_odds': '-290', 'right_odds': '+235', 'date': '2023-08-12', 'weight_class': '135'}
Row inserted successfully!
full fight url: https://www.tapology.com/fightcenter/bouts/775008-ufc-fight-night-juliana-killer-miller-vs-luana-santos
Saving odds data {'left_name': 'Luana Santos', 'right_name': 'Juliana Miller', 'left_odds': '-150', 'right_odds': '+125', 'date': '2023-08-12', 'weight_class': '125'}
Row inserted successfully!
card_date Saturday, August 05,  6:00 PM ET
card_url: /fightcenter/events/101342-ufc-fight-night
full fight url: https://www.tapology.com/fightcenter/bouts/780205-ufc-fight-night-cory-sandhagen-vs-rob-font
Saving odds data {'left_name': 'Cory Sandhagen', 'right_name': 'Rob Font', 'left_odds': '-350', 'right_odds': '+275', 'date': '2023-08-05', 'weight_class': '140'}
Row inserted successfully!
full fight url: https://www.tapology.com/fightcenter/bouts/772210-ufc-fight-night-jessica-bate-estaca-andrade-vs-tatiana-suarez
Saving odds data {'left_name': 'Tatiana Suarez', 'right_name': 'Jéssica Andrade', 'left_odds': '-375', 'right_odds': '+280', 'date': '2023-08-05', 'weight_class': '115'}
Row inserted successfully!
full fight url: https://www.tapology.com/fightcenter/bouts/762664-ufc-fight-night-dustin-the-hanyak-jacoby-vs-kennedy-african-savage-nzechukwu
Saving odds data {'left_name': 'Dustin Jacoby', 'right_name': 'Kennedy Nzechukwu', 'left_odds': '+130', 'right_odds': '-155', 'date': '2023-08-05', 'weight_class': '205'}
Row inserted successfully!
full fight url: https://www.tapology.com/fightcenter/bouts/772762-ufc-fight-night-guv-nor-gavin-tucker-vs-diego-lopes
Saving odds data {'left_name': 'Diego Lopes', 'right_name': 'Gavin Tucker', 'left_odds': '-170', 'right_odds': '+140', 'date': '2023-08-05', 'weight_class': '145'}
Row inserted successfully!
full fight url: https://www.tapology.com/fightcenter/bouts/762706-ufc-fight-night-tanner-the-bulldozer-boser-vs-aleksa-camur
Saving odds data {'left_name': 'Tanner Boser', 'right_name': 'Aleksa Camur', 'left_odds': '-155', 'right_odds': '+130', 'date': '2023-08-05', 'weight_class': '205'}
Row inserted successfully!
full fight url: https://www.tapology.com/fightcenter/bouts/768463-ufc-fight-night-ignacio-la-jaula-bahamondes-vs-ludovit-mr-highlight-klein
Saving odds data {'left_name': 'Ľudovít Klein', 'right_name': 'Ignacio Bahamondes', 'left_odds': '+190', 'right_odds': '-225', 'date': '2023-08-05', 'weight_class': '155'}
Row inserted successfully!
full fight url: https://www.tapology.com/fightcenter/bouts/780042-ufc-fight-night-raoni-barcelos-vs-kyler-the-matrix-phillips
Saving odds data {'left_name': 'Kyler Phillips', 'right_name': 'Raoni Barcelos', 'left_odds': '-205', 'right_odds': '+170', 'date': '2023-08-05', 'weight_class': '135'}
Row inserted successfully!
full fight url: https://www.tapology.com/fightcenter/bouts/772208-ufc-fight-night-jeremiah-wells-vs-carlston-mocambique-harris
Saving odds data {'left_name': 'Carlston Harris', 'right_name': 'Jeremiah Wells', 'left_odds': '+100', 'right_odds': '-120', 'date': '2023-08-05', 'weight_class': '170'}
Row inserted successfully!
full fight url: https://www.tapology.com/fightcenter/bouts/768146-ufc-fight-night-billy-quarantillo-vs-damon-action-jackson
Saving odds data {'left_name': 'Billy Quarantillo', 'right_name': 'Damon Jackson', 'left_odds': '-175', 'right_odds': '+145', 'date': '2023-08-05', 'weight_class': '145'}
Row inserted successfully!
full fight url: https://www.tapology.com/fightcenter/bouts/778346-ufc-fight-night-jake-white-kong-hadley-vs-cody-durden
Saving odds data {'left_name': 'Cody Durden', 'right_name': 'Jake Hadley', 'left_odds': '+165', 'right_odds': '-200', 'date': '2023-08-05', 'weight_class': '125'}
Row inserted successfully!
full fight url: https://www.tapology.com/fightcenter/bouts/783523-ufc-fight-night-sean-the-sniper-woodson-vs-dennis-the-great-buzukja
Saving odds data {'left_name': 'Sean Woodson', 'right_name': 'Dennis Buzukja', 'left_odds': '-185', 'right_odds': '+155', 'date': '2023-08-05', 'weight_class': '145'}
Row inserted successfully!
full fight url: https://www.tapology.com/fightcenter/bouts/765250-ufc-fight-night-ode-the-jamaican-sensation-osbourne-vs-asu-zulfikar-almabaev
Saving odds data {'left_name': 'Asu Almabaev', 'right_name': 'Ode Osbourne', 'left_odds': '-190', 'right_odds': '+160', 'date': '2023-08-05', 'weight_class': '125'}
Row inserted successfully!
